goos: darwin
goarch: arm64
pkg: uk.ac.bris.cs/gameoflife
BenchmarkStudentVersion/512x512x1000-1-8         	       1	5967004125 ns/op
BenchmarkStudentVersion/512x512x1000-1-8         	       1	5741024875 ns/op
BenchmarkStudentVersion/512x512x1000-1-8         	       1	5663601666 ns/op
BenchmarkStudentVersion/512x512x1000-1-8         	       1	5556523833 ns/op
BenchmarkStudentVersion/512x512x1000-1-8         	       1	5543485667 ns/op
BenchmarkStudentVersion/512x512x1000-1-8         	       1	5584985334 ns/op
BenchmarkStudentVersion/512x512x1000-1-8         	       1	5489557167 ns/op
BenchmarkStudentVersion/512x512x1000-1-8         	       1	5522619167 ns/op
BenchmarkStudentVersion/512x512x1000-2-8         	       1	4129828250 ns/op
BenchmarkStudentVersion/512x512x1000-2-8         	       1	4159360292 ns/op
BenchmarkStudentVersion/512x512x1000-2-8         	       1	4122292958 ns/op
BenchmarkStudentVersion/512x512x1000-2-8         	       1	4183124667 ns/op
BenchmarkStudentVersion/512x512x1000-2-8         	       1	4140381584 ns/op
BenchmarkStudentVersion/512x512x1000-2-8         	       1	4143449041 ns/op
BenchmarkStudentVersion/512x512x1000-2-8         	       1	4161120875 ns/op
BenchmarkStudentVersion/512x512x1000-2-8         	       1	4155737708 ns/op
BenchmarkStudentVersion/512x512x1000-3-8         	       1	3759945000 ns/op
BenchmarkStudentVersion/512x512x1000-3-8         	       1	3706094083 ns/op
BenchmarkStudentVersion/512x512x1000-3-8         	       1	3682547833 ns/op
BenchmarkStudentVersion/512x512x1000-3-8         	       1	3846130666 ns/op
BenchmarkStudentVersion/512x512x1000-3-8         	       1	3708130459 ns/op
BenchmarkStudentVersion/512x512x1000-3-8         	       1	3697771000 ns/op
BenchmarkStudentVersion/512x512x1000-3-8         	       1	3759735000 ns/op
BenchmarkStudentVersion/512x512x1000-3-8         	       1	3736417500 ns/op
BenchmarkStudentVersion/512x512x1000-4-8         	       1	3621323083 ns/op
BenchmarkStudentVersion/512x512x1000-4-8         	       1	3596062000 ns/op
BenchmarkStudentVersion/512x512x1000-4-8         	       1	3614322667 ns/op
BenchmarkStudentVersion/512x512x1000-4-8         	       1	3731950917 ns/op
BenchmarkStudentVersion/512x512x1000-4-8         	       1	3644500625 ns/op
BenchmarkStudentVersion/512x512x1000-4-8         	       1	3648416833 ns/op
BenchmarkStudentVersion/512x512x1000-4-8         	       1	3691254166 ns/op
BenchmarkStudentVersion/512x512x1000-4-8         	       1	3599273959 ns/op
BenchmarkStudentVersion/512x512x1000-5-8         	       1	3660843792 ns/op
BenchmarkStudentVersion/512x512x1000-5-8         	       1	3715872916 ns/op
BenchmarkStudentVersion/512x512x1000-5-8         	       1	3644364042 ns/op
BenchmarkStudentVersion/512x512x1000-5-8         	       1	3703815042 ns/op
BenchmarkStudentVersion/512x512x1000-5-8         	       1	3733465584 ns/op
BenchmarkStudentVersion/512x512x1000-5-8         	       1	3727325125 ns/op
BenchmarkStudentVersion/512x512x1000-5-8         	       1	3705948083 ns/op
BenchmarkStudentVersion/512x512x1000-5-8         	       1	3690047250 ns/op
BenchmarkStudentVersion/512x512x1000-6-8         	       1	3605105542 ns/op
BenchmarkStudentVersion/512x512x1000-6-8         	       1	3697858792 ns/op
BenchmarkStudentVersion/512x512x1000-6-8         	       1	3596453666 ns/op
BenchmarkStudentVersion/512x512x1000-6-8         	       1	3587123375 ns/op
BenchmarkStudentVersion/512x512x1000-6-8         	       1	3725240708 ns/op
BenchmarkStudentVersion/512x512x1000-6-8         	       1	3676337792 ns/op
BenchmarkStudentVersion/512x512x1000-6-8         	       1	3583286750 ns/op
BenchmarkStudentVersion/512x512x1000-6-8         	       1	3773019542 ns/op
BenchmarkStudentVersion/512x512x1000-7-8         	       1	3707317125 ns/op
BenchmarkStudentVersion/512x512x1000-7-8         	       1	3663630292 ns/op
BenchmarkStudentVersion/512x512x1000-7-8         	       1	3716024042 ns/op
BenchmarkStudentVersion/512x512x1000-7-8         	       1	3668266084 ns/op
BenchmarkStudentVersion/512x512x1000-7-8         	       1	3779585083 ns/op
BenchmarkStudentVersion/512x512x1000-7-8         	       1	3678165750 ns/op
BenchmarkStudentVersion/512x512x1000-7-8         	       1	3625393542 ns/op
BenchmarkStudentVersion/512x512x1000-7-8         	       1	3765298042 ns/op
BenchmarkStudentVersion/512x512x1000-8-8         	       1	3681903750 ns/op
BenchmarkStudentVersion/512x512x1000-8-8         	       1	3741817209 ns/op
BenchmarkStudentVersion/512x512x1000-8-8         	       1	3777848209 ns/op
BenchmarkStudentVersion/512x512x1000-8-8         	       1	3659975917 ns/op
BenchmarkStudentVersion/512x512x1000-8-8         	       1	3740194458 ns/op
BenchmarkStudentVersion/512x512x1000-8-8         	       1	3757859375 ns/op
BenchmarkStudentVersion/512x512x1000-8-8         	       1	3689696000 ns/op
BenchmarkStudentVersion/512x512x1000-8-8         	       1	3780791917 ns/op
BenchmarkStudentVersion/512x512x1000-9-8         	       1	3732769042 ns/op
BenchmarkStudentVersion/512x512x1000-9-8         	       1	3729972667 ns/op
BenchmarkStudentVersion/512x512x1000-9-8         	       1	3838075959 ns/op
BenchmarkStudentVersion/512x512x1000-9-8         	       1	3749328500 ns/op
BenchmarkStudentVersion/512x512x1000-9-8         	       1	3807609042 ns/op
BenchmarkStudentVersion/512x512x1000-9-8         	       1	3818613167 ns/op
BenchmarkStudentVersion/512x512x1000-9-8         	       1	3736559875 ns/op
BenchmarkStudentVersion/512x512x1000-9-8         	       1	3776703708 ns/op
BenchmarkStudentVersion/512x512x1000-10-8        	       1	3748785750 ns/op
BenchmarkStudentVersion/512x512x1000-10-8        	       1	3758902125 ns/op
BenchmarkStudentVersion/512x512x1000-10-8        	       1	3884135083 ns/op
BenchmarkStudentVersion/512x512x1000-10-8        	       1	3789452625 ns/op
BenchmarkStudentVersion/512x512x1000-10-8        	       1	3866937000 ns/op
BenchmarkStudentVersion/512x512x1000-10-8        	       1	3825285542 ns/op
BenchmarkStudentVersion/512x512x1000-10-8        	       1	3700194959 ns/op
BenchmarkStudentVersion/512x512x1000-10-8        	       1	3786925833 ns/op
BenchmarkStudentVersion/512x512x1000-11-8        	       1	3733972875 ns/op
BenchmarkStudentVersion/512x512x1000-11-8        	       1	3733712792 ns/op
BenchmarkStudentVersion/512x512x1000-11-8        	       1	3819605125 ns/op
BenchmarkStudentVersion/512x512x1000-11-8        	       1	3831296000 ns/op
BenchmarkStudentVersion/512x512x1000-11-8        	       1	3853433875 ns/op
BenchmarkStudentVersion/512x512x1000-11-8        	       1	3866539834 ns/op
BenchmarkStudentVersion/512x512x1000-11-8        	       1	3742822500 ns/op
BenchmarkStudentVersion/512x512x1000-11-8        	       1	3757399625 ns/op
BenchmarkStudentVersion/512x512x1000-12-8        	       1	3776918000 ns/op
BenchmarkStudentVersion/512x512x1000-12-8        	       1	3819436708 ns/op
BenchmarkStudentVersion/512x512x1000-12-8        	       1	3867943667 ns/op
BenchmarkStudentVersion/512x512x1000-12-8        	       1	3820322458 ns/op
BenchmarkStudentVersion/512x512x1000-12-8        	       1	3826095250 ns/op
BenchmarkStudentVersion/512x512x1000-12-8        	       1	3901620959 ns/op
BenchmarkStudentVersion/512x512x1000-12-8        	       1	3739323959 ns/op
BenchmarkStudentVersion/512x512x1000-12-8        	       1	4028388958 ns/op
BenchmarkStudentVersion/512x512x1000-13-8        	       1	4131290208 ns/op
BenchmarkStudentVersion/512x512x1000-13-8        	       1	4051319834 ns/op
BenchmarkStudentVersion/512x512x1000-13-8        	       1	3868624917 ns/op
BenchmarkStudentVersion/512x512x1000-13-8        	       1	3890214334 ns/op
BenchmarkStudentVersion/512x512x1000-13-8        	       1	3788985167 ns/op
BenchmarkStudentVersion/512x512x1000-13-8        	       1	3954288125 ns/op
BenchmarkStudentVersion/512x512x1000-13-8        	       1	3768095666 ns/op
BenchmarkStudentVersion/512x512x1000-13-8        	       1	3909723959 ns/op
BenchmarkStudentVersion/512x512x1000-14-8        	       1	3794658458 ns/op
BenchmarkStudentVersion/512x512x1000-14-8        	       1	3874477333 ns/op
BenchmarkStudentVersion/512x512x1000-14-8        	       1	3907383416 ns/op
BenchmarkStudentVersion/512x512x1000-14-8        	       1	3772577917 ns/op
BenchmarkStudentVersion/512x512x1000-14-8        	       1	3842550709 ns/op
BenchmarkStudentVersion/512x512x1000-14-8        	       1	3823759791 ns/op
BenchmarkStudentVersion/512x512x1000-14-8        	       1	3766902083 ns/op
BenchmarkStudentVersion/512x512x1000-14-8        	       1	3827975208 ns/op
BenchmarkStudentVersion/512x512x1000-15-8        	       1	3877317208 ns/op
BenchmarkStudentVersion/512x512x1000-15-8        	       1	3785353083 ns/op
BenchmarkStudentVersion/512x512x1000-15-8        	       1	3853342541 ns/op
BenchmarkStudentVersion/512x512x1000-15-8        	       1	3831124333 ns/op
BenchmarkStudentVersion/512x512x1000-15-8        	       1	3772843333 ns/op
BenchmarkStudentVersion/512x512x1000-15-8        	       1	3915204166 ns/op
BenchmarkStudentVersion/512x512x1000-15-8        	       1	3819051625 ns/op
BenchmarkStudentVersion/512x512x1000-15-8        	       1	3888495708 ns/op
BenchmarkStudentVersion/512x512x1000-16-8        	       1	3817529750 ns/op
BenchmarkStudentVersion/512x512x1000-16-8        	       1	3882680792 ns/op
BenchmarkStudentVersion/512x512x1000-16-8        	       1	3882639750 ns/op
BenchmarkStudentVersion/512x512x1000-16-8        	       1	3805410708 ns/op
BenchmarkStudentVersion/512x512x1000-16-8        	       1	3872037042 ns/op
BenchmarkStudentVersion/512x512x1000-16-8        	       1	3871441291 ns/op
BenchmarkStudentVersion/512x512x1000-16-8        	       1	3872639792 ns/op
BenchmarkStudentVersion/512x512x1000-16-8        	       1	3913388333 ns/op
ok  	uk.ac.bris.cs/gameoflife	501.155s
